---------- Date: 2017-06-08 00:05:29 ~ IP : 213.231.48.27 ----------
REQUEST URI : /admin/index.php?route=extension/modification&token=lYMcb5rzDQ7EFnai5EfP8MyoeUzdYULN
MOD DETAILS:
   modFile   : /var/www/user3794/data/www/test.fidelitti.com/vqmod/xml/dostavkaplus.ocmod.xml
   id        : 
   version   : 3.4
   vqmver    : 
   author    : louise170 (louise@ya.ru)
VQModObject::parseMods - Could not resolve path for [catalog/controller/checkout/{cart,confirm}.php] (SKIPPED)
VQModObject::parseMods - Could not resolve path for [admin/language/russian/russian.php] (SKIPPED)
VQModObject::parseMods - Could not resolve path for [admin/language/english/english.php] (SKIPPED)
VQModObject::parseMods - Could not resolve path for [catalog/controller/checkout/{simplecheckout,simplecheckout_cart}.php] (SKIPPED)
MOD DETAILS:
   modFile   : /var/www/user3794/data/www/test.fidelitti.com/vqmod/xml/zitec_dpd.ocmod.xml
   id        : Zitec DPD - VQMod verion extension
   version   : 1.0.1
   vqmver    : 2.x
   author    : Zitec
VQModObject::parseMods - Could not resolve path for [admin/language/ro-ro/ro-ro.php] (SKIPPED)
VQModObject::parseMods - Could not resolve path for [admin/view/template/common/menu.tpl] (SKIPPED)
VQModObject::parseMods - Could not resolve path for [admin/controller/common/menu.php] (SKIPPED)
VQModObject::parseMods - Could not resolve path for [admin/language/en-gb/common/menu.php] (SKIPPED)

----------------------------------------------------------------------


---------- Date: 2017-06-08 00:05:32 ~ IP : 213.231.48.27 ----------
REQUEST URI : /dlya-zhenshchin/sumki/
MOD DETAILS:
   modFile   : /var/www/user3794/data/www/test.fidelitti.com/vqmod/xml/product_series_template_default.xml
   id        : Product Series - template - default
   version   : 1.6
   vqmver    : 2.1.6
   author    : WeDoWeb.com.au | contact@wedoweb.com.au

File Name    : catalog/view/theme/fidelitti/template/product/category.tpl(0)
VQModObject::applyMod - SEARCH NOT FOUND (SKIPPED): <a href="<?php echo $product['href']; ?>">
            <div class="sub_category__product--line"></div>
          </a>
----------------------------------------------------------------------


---------- Date: 2017-06-08 00:06:22 ~ IP : 213.231.48.27 ----------
REQUEST URI : /admin/index.php?route=extension/modification&token=lYMcb5rzDQ7EFnai5EfP8MyoeUzdYULN
MOD DETAILS:
   modFile   : /var/www/user3794/data/www/test.fidelitti.com/vqmod/xml/dostavkaplus.ocmod.xml
   id        : 
   version   : 3.4
   vqmver    : 
   author    : louise170 (louise@ya.ru)
VQModObject::parseMods - Could not resolve path for [catalog/controller/checkout/{cart,confirm}.php] (SKIPPED)
VQModObject::parseMods - Could not resolve path for [admin/language/russian/russian.php] (SKIPPED)
VQModObject::parseMods - Could not resolve path for [admin/language/english/english.php] (SKIPPED)
VQModObject::parseMods - Could not resolve path for [catalog/controller/checkout/{simplecheckout,simplecheckout_cart}.php] (SKIPPED)
MOD DETAILS:
   modFile   : /var/www/user3794/data/www/test.fidelitti.com/vqmod/xml/zitec_dpd.ocmod.xml
   id        : Zitec DPD - VQMod verion extension
   version   : 1.0.1
   vqmver    : 2.x
   author    : Zitec
VQModObject::parseMods - Could not resolve path for [admin/language/ro-ro/ro-ro.php] (SKIPPED)
VQModObject::parseMods - Could not resolve path for [admin/view/template/common/menu.tpl] (SKIPPED)
VQModObject::parseMods - Could not resolve path for [admin/controller/common/menu.php] (SKIPPED)
VQModObject::parseMods - Could not resolve path for [admin/language/en-gb/common/menu.php] (SKIPPED)

----------------------------------------------------------------------


---------- Date: 2017-06-08 00:06:24 ~ IP : 213.231.48.27 ----------
REQUEST URI : /dlya-zhenshchin/sumki/
MOD DETAILS:
   modFile   : /var/www/user3794/data/www/test.fidelitti.com/vqmod/xml/product_series_template_default.xml
   id        : Product Series - template - default
   version   : 1.6
   vqmver    : 2.1.6
   author    : WeDoWeb.com.au | contact@wedoweb.com.au

File Name    : catalog/view/theme/fidelitti/template/product/category.tpl(0)
VQModObject::applyMod - SEARCH NOT FOUND (SKIPPED): <a href="<?php echo $product['href']; ?>">
            <div class="sub_category__product--line"></div>
          </a>
----------------------------------------------------------------------


---------- Date: 2017-06-08 00:06:57 ~ IP : 213.231.48.27 ----------
REQUEST URI : /admin/index.php?route=extension/modification&token=lYMcb5rzDQ7EFnai5EfP8MyoeUzdYULN
MOD DETAILS:
   modFile   : /var/www/user3794/data/www/test.fidelitti.com/vqmod/xml/dostavkaplus.ocmod.xml
   id        : 
   version   : 3.4
   vqmver    : 
   author    : louise170 (louise@ya.ru)
VQModObject::parseMods - Could not resolve path for [catalog/controller/checkout/{cart,confirm}.php] (SKIPPED)
VQModObject::parseMods - Could not resolve path for [admin/language/russian/russian.php] (SKIPPED)
VQModObject::parseMods - Could not resolve path for [admin/language/english/english.php] (SKIPPED)
VQModObject::parseMods - Could not resolve path for [catalog/controller/checkout/{simplecheckout,simplecheckout_cart}.php] (SKIPPED)
MOD DETAILS:
   modFile   : /var/www/user3794/data/www/test.fidelitti.com/vqmod/xml/zitec_dpd.ocmod.xml
   id        : Zitec DPD - VQMod verion extension
   version   : 1.0.1
   vqmver    : 2.x
   author    : Zitec
VQModObject::parseMods - Could not resolve path for [admin/language/ro-ro/ro-ro.php] (SKIPPED)
VQModObject::parseMods - Could not resolve path for [admin/view/template/common/menu.tpl] (SKIPPED)
VQModObject::parseMods - Could not resolve path for [admin/controller/common/menu.php] (SKIPPED)
VQModObject::parseMods - Could not resolve path for [admin/language/en-gb/common/menu.php] (SKIPPED)

----------------------------------------------------------------------


---------- Date: 2017-06-08 00:07:01 ~ IP : 213.231.48.27 ----------
REQUEST URI : /dlya-zhenshchin/sumki/
MOD DETAILS:
   modFile   : /var/www/user3794/data/www/test.fidelitti.com/vqmod/xml/product_series_template_default.xml
   id        : Product Series - template - default
   version   : 1.6
   vqmver    : 2.1.6
   author    : WeDoWeb.com.au | contact@wedoweb.com.au

File Name    : catalog/view/theme/fidelitti/template/product/category.tpl(0)
VQModObject::applyMod - SEARCH NOT FOUND (SKIPPED): <a href="<?php echo $product['href']; ?>">
            <div class="sub_category__product--line"></div>
          </a>
----------------------------------------------------------------------


---------- Date: 2017-06-08 00:07:48 ~ IP : 213.231.48.27 ----------
REQUEST URI : /admin/index.php?route=extension/modification&token=lYMcb5rzDQ7EFnai5EfP8MyoeUzdYULN
MOD DETAILS:
   modFile   : /var/www/user3794/data/www/test.fidelitti.com/vqmod/xml/dostavkaplus.ocmod.xml
   id        : 
   version   : 3.4
   vqmver    : 
   author    : louise170 (louise@ya.ru)
VQModObject::parseMods - Could not resolve path for [catalog/controller/checkout/{cart,confirm}.php] (SKIPPED)
VQModObject::parseMods - Could not resolve path for [admin/language/russian/russian.php] (SKIPPED)
VQModObject::parseMods - Could not resolve path for [admin/language/english/english.php] (SKIPPED)
VQModObject::parseMods - Could not resolve path for [catalog/controller/checkout/{simplecheckout,simplecheckout_cart}.php] (SKIPPED)
MOD DETAILS:
   modFile   : /var/www/user3794/data/www/test.fidelitti.com/vqmod/xml/zitec_dpd.ocmod.xml
   id        : Zitec DPD - VQMod verion extension
   version   : 1.0.1
   vqmver    : 2.x
   author    : Zitec
VQModObject::parseMods - Could not resolve path for [admin/language/ro-ro/ro-ro.php] (SKIPPED)
VQModObject::parseMods - Could not resolve path for [admin/view/template/common/menu.tpl] (SKIPPED)
VQModObject::parseMods - Could not resolve path for [admin/controller/common/menu.php] (SKIPPED)
VQModObject::parseMods - Could not resolve path for [admin/language/en-gb/common/menu.php] (SKIPPED)

----------------------------------------------------------------------


---------- Date: 2017-06-08 00:07:52 ~ IP : 213.231.48.27 ----------
REQUEST URI : /dlya-zhenshchin/sumki/
MOD DETAILS:
   modFile   : /var/www/user3794/data/www/test.fidelitti.com/vqmod/xml/product_series_template_default.xml
   id        : Product Series - template - default
   version   : 1.6
   vqmver    : 2.1.6
   author    : WeDoWeb.com.au | contact@wedoweb.com.au

File Name    : catalog/view/theme/fidelitti/template/product/category.tpl(0)
VQModObject::applyMod - SEARCH NOT FOUND (SKIPPED): <a href="<?php echo $product['href']; ?>">
            <div class="sub_category__product--line"></div>
          </a>
----------------------------------------------------------------------


---------- Date: 2017-06-08 00:08:19 ~ IP : 213.231.48.27 ----------
REQUEST URI : /admin/index.php?route=extension/modification&token=lYMcb5rzDQ7EFnai5EfP8MyoeUzdYULN
MOD DETAILS:
   modFile   : /var/www/user3794/data/www/test.fidelitti.com/vqmod/xml/dostavkaplus.ocmod.xml
   id        : 
   version   : 3.4
   vqmver    : 
   author    : louise170 (louise@ya.ru)
VQModObject::parseMods - Could not resolve path for [catalog/controller/checkout/{cart,confirm}.php] (SKIPPED)
VQModObject::parseMods - Could not resolve path for [admin/language/russian/russian.php] (SKIPPED)
VQModObject::parseMods - Could not resolve path for [admin/language/english/english.php] (SKIPPED)
VQModObject::parseMods - Could not resolve path for [catalog/controller/checkout/{simplecheckout,simplecheckout_cart}.php] (SKIPPED)
MOD DETAILS:
   modFile   : /var/www/user3794/data/www/test.fidelitti.com/vqmod/xml/zitec_dpd.ocmod.xml
   id        : Zitec DPD - VQMod verion extension
   version   : 1.0.1
   vqmver    : 2.x
   author    : Zitec
VQModObject::parseMods - Could not resolve path for [admin/language/ro-ro/ro-ro.php] (SKIPPED)
VQModObject::parseMods - Could not resolve path for [admin/view/template/common/menu.tpl] (SKIPPED)
VQModObject::parseMods - Could not resolve path for [admin/controller/common/menu.php] (SKIPPED)
VQModObject::parseMods - Could not resolve path for [admin/language/en-gb/common/menu.php] (SKIPPED)

----------------------------------------------------------------------


---------- Date: 2017-06-08 00:08:30 ~ IP : 213.231.48.27 ----------
REQUEST URI : /dlya-zhenshchin/sumki/
MOD DETAILS:
   modFile   : /var/www/user3794/data/www/test.fidelitti.com/vqmod/xml/product_series_template_default.xml
   id        : Product Series - template - default
   version   : 1.6
   vqmver    : 2.1.6
   author    : WeDoWeb.com.au | contact@wedoweb.com.au

File Name    : catalog/view/theme/fidelitti/template/product/category.tpl(0)
VQModObject::applyMod - SEARCH NOT FOUND (SKIPPED): <a href="<?php echo $product['href']; ?>">
            <div class="sub_category__product--line"></div>
          </a>
----------------------------------------------------------------------


---------- Date: 2017-06-08 00:08:41 ~ IP : 213.231.48.27 ----------
REQUEST URI : /admin/index.php?route=extension/modification&token=lYMcb5rzDQ7EFnai5EfP8MyoeUzdYULN
MOD DETAILS:
   modFile   : /var/www/user3794/data/www/test.fidelitti.com/vqmod/xml/dostavkaplus.ocmod.xml
   id        : 
   version   : 3.4
   vqmver    : 
   author    : louise170 (louise@ya.ru)
VQModObject::parseMods - Could not resolve path for [catalog/controller/checkout/{cart,confirm}.php] (SKIPPED)
VQModObject::parseMods - Could not resolve path for [admin/language/russian/russian.php] (SKIPPED)
VQModObject::parseMods - Could not resolve path for [admin/language/english/english.php] (SKIPPED)
VQModObject::parseMods - Could not resolve path for [catalog/controller/checkout/{simplecheckout,simplecheckout_cart}.php] (SKIPPED)
MOD DETAILS:
   modFile   : /var/www/user3794/data/www/test.fidelitti.com/vqmod/xml/zitec_dpd.ocmod.xml
   id        : Zitec DPD - VQMod verion extension
   version   : 1.0.1
   vqmver    : 2.x
   author    : Zitec
VQModObject::parseMods - Could not resolve path for [admin/language/ro-ro/ro-ro.php] (SKIPPED)
VQModObject::parseMods - Could not resolve path for [admin/view/template/common/menu.tpl] (SKIPPED)
VQModObject::parseMods - Could not resolve path for [admin/controller/common/menu.php] (SKIPPED)
VQModObject::parseMods - Could not resolve path for [admin/language/en-gb/common/menu.php] (SKIPPED)

----------------------------------------------------------------------


---------- Date: 2017-06-08 00:08:43 ~ IP : 213.231.48.27 ----------
REQUEST URI : /dlya-zhenshchin/sumki/
MOD DETAILS:
   modFile   : /var/www/user3794/data/www/test.fidelitti.com/vqmod/xml/product_series_template_default.xml
   id        : Product Series - template - default
   version   : 1.6
   vqmver    : 2.1.6
   author    : WeDoWeb.com.au | contact@wedoweb.com.au

File Name    : catalog/view/theme/fidelitti/template/product/category.tpl(0)
VQModObject::applyMod - SEARCH NOT FOUND (SKIPPED): <a href="<?php echo $product['href']; ?>">
            <div class="sub_category__product--line"></div>
          </a>
----------------------------------------------------------------------


